<?xml version="1.0" encoding="UTF-8"?>
<!-- Generated by org.testng.reporters.JUnitXMLReporter -->
<testsuite ignored="0" hostname="LAPTOP-VFE4F9K1" failures="0" tests="8" name="Test" time="0.064" errors="0" timestamp="03 Dec 2020 05:48:23 GMT">
  <testcase classname="testScripts.GroupTwoSampleThread" name="testAdd" time="0.014"/>
  <testcase classname="testScripts.GroupSampleTest" name="testAdd" time="0.014"/>
  <testcase classname="testScripts.GroupTwoSampleThread" name="testDivide" time="0.002"/>
  <testcase classname="testScripts.GroupSampleTest" name="testDivide" time="0.002"/>
  <testcase classname="testScripts.GroupTwoSampleThread" name="testMultiply" time="0.001"/>
  <testcase classname="testScripts.GroupSampleTest" name="testMultiply" time="0.001"/>
  <testcase classname="testScripts.GroupTwoSampleThread" name="testSubtract" time="0.002"/>
  <testcase classname="testScripts.GroupSampleTest" name="testSubtract" time="0.001"/>
</testsuite> <!-- Test -->
