<?xml version="1.0" encoding="UTF-8"?>
<!-- Generated by org.testng.reporters.JUnitXMLReporter -->
<testsuite ignored="0" hostname="LAPTOP-VFE4F9K1" failures="0" tests="4" name="Default test" time="0.089" errors="0" timestamp="03 Dec 2020 05:46:26 GMT">
  <testcase classname="testScripts.GroupSampleTest" name="testAdd" time="0.018"/>
  <testcase classname="testScripts.GroupSampleTest" name="testDivide" time="0.003"/>
  <testcase classname="testScripts.GroupSampleTest" name="testMultiply" time="0.004"/>
  <testcase classname="testScripts.GroupSampleTest" name="testSubtract" time="0.004"/>
</testsuite> <!-- Default test -->
