<?xml version="1.0" encoding="UTF-8"?>
<testng-results ignored="0" total="4" passed="4" failed="0" skipped="0">
  <reporter-output>
  </reporter-output>
  <suite started-at="2020-12-03T05:53:57Z" name="Suite" finished-at="2020-12-03T05:54:20Z" duration-ms="23712">
    <groups>
    </groups>
    <test started-at="2020-12-03T05:53:57Z" name="Test" finished-at="2020-12-03T05:54:20Z" duration-ms="23712">
      <class name="testScripts.GooglePageTest">
        <test-method is-config="true" signature="setup()[pri:0, instance:testScripts.GooglePageTest@4f638935]" started-at="2020-12-03T05:53:57Z" name="setup" finished-at="2020-12-03T05:54:03Z" duration-ms="6248" status="PASS">
          <reporter-output>
          </reporter-output>
        </test-method> <!-- setup -->
        <test-method signature="cucumbersearchTest()[pri:0, instance:testScripts.GooglePageTest@4f638935]" started-at="2020-12-03T05:54:03Z" name="cucumbersearchTest" finished-at="2020-12-03T05:54:11Z" duration-ms="7544" status="PASS">
          <reporter-output>
          </reporter-output>
        </test-method> <!-- cucumbersearchTest -->
        <test-method signature="searchTest()[pri:0, instance:testScripts.GooglePageTest@4f638935]" started-at="2020-12-03T05:54:11Z" name="searchTest" finished-at="2020-12-03T05:54:14Z" duration-ms="3362" status="PASS">
          <reporter-output>
          </reporter-output>
        </test-method> <!-- searchTest -->
        <test-method signature="cypresssearchTest()[pri:0, instance:testScripts.GooglePageTest@4f638935]" started-at="2020-12-03T05:54:14Z" name="cypresssearchTest" finished-at="2020-12-03T05:54:18Z" duration-ms="4098" status="PASS">
          <reporter-output>
          </reporter-output>
        </test-method> <!-- cypresssearchTest -->
        <test-method signature="javasearchTest()[pri:0, instance:testScripts.GooglePageTest@4f638935]" started-at="2020-12-03T05:54:18Z" name="javasearchTest" finished-at="2020-12-03T05:54:20Z" depends-on-methods="testScripts.GooglePageTest.searchTest" duration-ms="2351" status="PASS">
          <reporter-output>
          </reporter-output>
        </test-method> <!-- javasearchTest -->
        <test-method is-config="true" signature="teardown()[pri:0, instance:testScripts.GooglePageTest@4f638935]" started-at="2020-12-03T05:54:20Z" name="teardown" finished-at="2020-12-03T05:54:20Z" duration-ms="73" status="PASS">
          <reporter-output>
          </reporter-output>
        </test-method> <!-- teardown -->
      </class> <!-- testScripts.GooglePageTest -->
    </test> <!-- Test -->
  </suite> <!-- Suite -->
</testng-results>
