<?xml version="1.0" encoding="UTF-8"?>
<!-- Generated by org.testng.reporters.JUnitXMLReporter -->
<testsuite ignored="0" hostname="LAPTOP-VFE4F9K1" failures="0" tests="4" name="Test" time="23.712" errors="0" timestamp="03 Dec 2020 05:54:21 GMT">
  <testcase classname="testScripts.GooglePageTest" name="cucumbersearchTest" time="7.544"/>
  <testcase classname="testScripts.GooglePageTest" name="searchTest" time="3.362"/>
  <testcase classname="testScripts.GooglePageTest" name="cypresssearchTest" time="4.098"/>
  <testcase classname="testScripts.GooglePageTest" name="javasearchTest" time="2.351"/>
</testsuite> <!-- Test -->
